CRITICAL - 2022-04-18 04:38:56 --> Call to undefined function CodeIgniter\locale_set_default()
#0 C:\xampp\htdocs\spk_sekolah\system\bootstrap.php(146): CodeIgniter\CodeIgniter->initialize()
#1 C:\xampp\htdocs\spk_sekolah\spark(45): require('C:\\xampp\\htdocs...')
#2 {main}
CRITICAL - 2022-04-18 11:19:36 --> Argument 4 passed to App\Validation\CustomRules::statusYear() must be of the type string, null given, called in C:\xampp\htdocs\spk_sekolah\system\Validation\Validation.php on line 292
#0 C:\xampp\htdocs\spk_sekolah\system\Validation\Validation.php(292): App\Validation\CustomRules->statusYear('1', 'status,1', Array, NULL)
#1 C:\xampp\htdocs\spk_sekolah\system\Validation\Validation.php(157): CodeIgniter\Validation\Validation->processRules('status', 'Status', '1', Array, Array)
#2 C:\xampp\htdocs\spk_sekolah\system\Controller.php(160): CodeIgniter\Validation\Validation->run()
#3 C:\xampp\htdocs\spk_sekolah\app\Controllers\Backend.php(102): CodeIgniter\Controller->validate(Array)
#4 C:\xampp\htdocs\spk_sekolah\system\CodeIgniter.php(832): App\Controllers\Backend->update_school_year()
#5 C:\xampp\htdocs\spk_sekolah\system\CodeIgniter.php(419): CodeIgniter\CodeIgniter->runController(Object(App\Controllers\Backend))
#6 C:\xampp\htdocs\spk_sekolah\system\CodeIgniter.php(326): CodeIgniter\CodeIgniter->handleRequest(NULL, Object(Config\Cache), false)
#7 C:\xampp\htdocs\spk_sekolah\public\index.php(37): CodeIgniter\CodeIgniter->run()
#8 C:\xampp\htdocs\spk_sekolah\system\Commands\Server\rewrite.php(43): require_once('C:\\xampp\\htdocs...')
#9 {main}
CRITICAL - 2022-04-18 11:20:31 --> Argument 4 passed to App\Validation\CustomRules::statusYear() must be of the type string, null given, called in C:\xampp\htdocs\spk_sekolah\system\Validation\Validation.php on line 292
#0 C:\xampp\htdocs\spk_sekolah\system\Validation\Validation.php(292): App\Validation\CustomRules->statusYear('1', 'status,id', Array, NULL)
#1 C:\xampp\htdocs\spk_sekolah\system\Validation\Validation.php(157): CodeIgniter\Validation\Validation->processRules('status', 'Status', '1', Array, Array)
#2 C:\xampp\htdocs\spk_sekolah\system\Controller.php(160): CodeIgniter\Validation\Validation->run()
#3 C:\xampp\htdocs\spk_sekolah\app\Controllers\Backend.php(100): CodeIgniter\Controller->validate(Array)
#4 C:\xampp\htdocs\spk_sekolah\system\CodeIgniter.php(832): App\Controllers\Backend->update_school_year()
#5 C:\xampp\htdocs\spk_sekolah\system\CodeIgniter.php(419): CodeIgniter\CodeIgniter->runController(Object(App\Controllers\Backend))
#6 C:\xampp\htdocs\spk_sekolah\system\CodeIgniter.php(326): CodeIgniter\CodeIgniter->handleRequest(NULL, Object(Config\Cache), false)
#7 C:\xampp\htdocs\spk_sekolah\public\index.php(37): CodeIgniter\CodeIgniter->run()
#8 C:\xampp\htdocs\spk_sekolah\system\Commands\Server\rewrite.php(43): require_once('C:\\xampp\\htdocs...')
#9 {main}
CRITICAL - 2022-04-18 11:21:30 --> Trying to get property 'id' of non-object
#0 C:\xampp\htdocs\spk_sekolah\app\Validation\CustomRules.php(15): CodeIgniter\Debug\Exceptions->errorHandler(8, 'Trying to get p...', 'C:\\xampp\\htdocs...', 15, Array)
#1 C:\xampp\htdocs\spk_sekolah\system\Validation\Validation.php(292): App\Validation\CustomRules->statusYear('1', 'status,id', Array, NULL)
#2 C:\xampp\htdocs\spk_sekolah\system\Validation\Validation.php(157): CodeIgniter\Validation\Validation->processRules('status', 'Status', '1', Array, Array)
#3 C:\xampp\htdocs\spk_sekolah\system\Controller.php(160): CodeIgniter\Validation\Validation->run()
#4 C:\xampp\htdocs\spk_sekolah\app\Controllers\Backend.php(100): CodeIgniter\Controller->validate(Array)
#5 C:\xampp\htdocs\spk_sekolah\system\CodeIgniter.php(832): App\Controllers\Backend->update_school_year()
#6 C:\xampp\htdocs\spk_sekolah\system\CodeIgniter.php(419): CodeIgniter\CodeIgniter->runController(Object(App\Controllers\Backend))
#7 C:\xampp\htdocs\spk_sekolah\system\CodeIgniter.php(326): CodeIgniter\CodeIgniter->handleRequest(NULL, Object(Config\Cache), false)
#8 C:\xampp\htdocs\spk_sekolah\public\index.php(37): CodeIgniter\CodeIgniter->run()
#9 C:\xampp\htdocs\spk_sekolah\system\Commands\Server\rewrite.php(43): require_once('C:\\xampp\\htdocs...')
#10 {main}
CRITICAL - 2022-04-18 11:24:58 --> Trying to get property 'id' of non-object
#0 C:\xampp\htdocs\spk_sekolah\app\Validation\CustomRules.php(15): CodeIgniter\Debug\Exceptions->errorHandler(8, 'Trying to get p...', 'C:\\xampp\\htdocs...', 15, Array)
#1 C:\xampp\htdocs\spk_sekolah\system\Validation\Validation.php(292): App\Validation\CustomRules->statusYear('1', 'status][id', Array, NULL)
#2 C:\xampp\htdocs\spk_sekolah\system\Validation\Validation.php(157): CodeIgniter\Validation\Validation->processRules('status', 'Status', '1', Array, Array)
#3 C:\xampp\htdocs\spk_sekolah\system\Controller.php(160): CodeIgniter\Validation\Validation->run()
#4 C:\xampp\htdocs\spk_sekolah\app\Controllers\Backend.php(100): CodeIgniter\Controller->validate(Array)
#5 C:\xampp\htdocs\spk_sekolah\system\CodeIgniter.php(832): App\Controllers\Backend->update_school_year()
#6 C:\xampp\htdocs\spk_sekolah\system\CodeIgniter.php(419): CodeIgniter\CodeIgniter->runController(Object(App\Controllers\Backend))
#7 C:\xampp\htdocs\spk_sekolah\system\CodeIgniter.php(326): CodeIgniter\CodeIgniter->handleRequest(NULL, Object(Config\Cache), false)
#8 C:\xampp\htdocs\spk_sekolah\public\index.php(37): CodeIgniter\CodeIgniter->run()
#9 C:\xampp\htdocs\spk_sekolah\system\Commands\Server\rewrite.php(43): require_once('C:\\xampp\\htdocs...')
#10 {main}
CRITICAL - 2022-04-18 11:46:08 --> Trying to get property 'id' of non-object
#0 C:\xampp\htdocs\spk_sekolah\app\Validation\CustomRules.php(15): CodeIgniter\Debug\Exceptions->errorHandler(8, 'Trying to get p...', 'C:\\xampp\\htdocs...', 15, Array)
#1 C:\xampp\htdocs\spk_sekolah\system\Validation\Validation.php(292): App\Validation\CustomRules->statusYear('1', 'status,id', Array, NULL)
#2 C:\xampp\htdocs\spk_sekolah\system\Validation\Validation.php(157): CodeIgniter\Validation\Validation->processRules('status', 'Status', '1', Array, Array)
#3 C:\xampp\htdocs\spk_sekolah\system\Controller.php(160): CodeIgniter\Validation\Validation->run()
#4 C:\xampp\htdocs\spk_sekolah\app\Controllers\Backend.php(100): CodeIgniter\Controller->validate(Array)
#5 C:\xampp\htdocs\spk_sekolah\system\CodeIgniter.php(832): App\Controllers\Backend->update_school_year()
#6 C:\xampp\htdocs\spk_sekolah\system\CodeIgniter.php(419): CodeIgniter\CodeIgniter->runController(Object(App\Controllers\Backend))
#7 C:\xampp\htdocs\spk_sekolah\system\CodeIgniter.php(326): CodeIgniter\CodeIgniter->handleRequest(NULL, Object(Config\Cache), false)
#8 C:\xampp\htdocs\spk_sekolah\public\index.php(37): CodeIgniter\CodeIgniter->run()
#9 C:\xampp\htdocs\spk_sekolah\system\Commands\Server\rewrite.php(43): require_once('C:\\xampp\\htdocs...')
#10 {main}
CRITICAL - 2022-04-18 12:06:12 --> Argument 2 passed to App\Validation\CustomRules::statusYear() must be of the type string, null given, called in C:\xampp\htdocs\spk_sekolah\system\Validation\Validation.php on line 291
#0 C:\xampp\htdocs\spk_sekolah\system\Validation\Validation.php(291): App\Validation\CustomRules->statusYear('1', NULL)
#1 C:\xampp\htdocs\spk_sekolah\system\Validation\Validation.php(157): CodeIgniter\Validation\Validation->processRules('status', 'Status', '1', Array, Array)
#2 C:\xampp\htdocs\spk_sekolah\system\Controller.php(160): CodeIgniter\Validation\Validation->run()
#3 C:\xampp\htdocs\spk_sekolah\app\Controllers\Backend.php(100): CodeIgniter\Controller->validate(Array)
#4 C:\xampp\htdocs\spk_sekolah\system\CodeIgniter.php(832): App\Controllers\Backend->update_school_year()
#5 C:\xampp\htdocs\spk_sekolah\system\CodeIgniter.php(419): CodeIgniter\CodeIgniter->runController(Object(App\Controllers\Backend))
#6 C:\xampp\htdocs\spk_sekolah\system\CodeIgniter.php(326): CodeIgniter\CodeIgniter->handleRequest(NULL, Object(Config\Cache), false)
#7 C:\xampp\htdocs\spk_sekolah\public\index.php(37): CodeIgniter\CodeIgniter->run()
#8 C:\xampp\htdocs\spk_sekolah\system\Commands\Server\rewrite.php(43): require_once('C:\\xampp\\htdocs...')
#9 {main}
CRITICAL - 2022-04-18 12:06:41 --> Argument 2 passed to App\Validation\CustomRules::statusYear() must be of the type string, null given, called in C:\xampp\htdocs\spk_sekolah\system\Validation\Validation.php on line 291
#0 C:\xampp\htdocs\spk_sekolah\system\Validation\Validation.php(291): App\Validation\CustomRules->statusYear('1', NULL)
#1 C:\xampp\htdocs\spk_sekolah\system\Validation\Validation.php(157): CodeIgniter\Validation\Validation->processRules('status', 'Status', '1', Array, Array)
#2 C:\xampp\htdocs\spk_sekolah\system\Controller.php(160): CodeIgniter\Validation\Validation->run()
#3 C:\xampp\htdocs\spk_sekolah\app\Controllers\Backend.php(100): CodeIgniter\Controller->validate(Array)
#4 C:\xampp\htdocs\spk_sekolah\system\CodeIgniter.php(832): App\Controllers\Backend->update_school_year()
#5 C:\xampp\htdocs\spk_sekolah\system\CodeIgniter.php(419): CodeIgniter\CodeIgniter->runController(Object(App\Controllers\Backend))
#6 C:\xampp\htdocs\spk_sekolah\system\CodeIgniter.php(326): CodeIgniter\CodeIgniter->handleRequest(NULL, Object(Config\Cache), false)
#7 C:\xampp\htdocs\spk_sekolah\public\index.php(37): CodeIgniter\CodeIgniter->run()
#8 C:\xampp\htdocs\spk_sekolah\system\Commands\Server\rewrite.php(43): require_once('C:\\xampp\\htdocs...')
#9 {main}
CRITICAL - 2022-04-18 12:06:48 --> Argument 2 passed to App\Validation\CustomRules::statusYear() must be of the type string, null given, called in C:\xampp\htdocs\spk_sekolah\system\Validation\Validation.php on line 291
#0 C:\xampp\htdocs\spk_sekolah\system\Validation\Validation.php(291): App\Validation\CustomRules->statusYear('1', NULL)
#1 C:\xampp\htdocs\spk_sekolah\system\Validation\Validation.php(157): CodeIgniter\Validation\Validation->processRules('status', 'Status', '1', Array, Array)
#2 C:\xampp\htdocs\spk_sekolah\system\Controller.php(160): CodeIgniter\Validation\Validation->run()
#3 C:\xampp\htdocs\spk_sekolah\app\Controllers\Backend.php(100): CodeIgniter\Controller->validate(Array)
#4 C:\xampp\htdocs\spk_sekolah\system\CodeIgniter.php(832): App\Controllers\Backend->update_school_year()
#5 C:\xampp\htdocs\spk_sekolah\system\CodeIgniter.php(419): CodeIgniter\CodeIgniter->runController(Object(App\Controllers\Backend))
#6 C:\xampp\htdocs\spk_sekolah\system\CodeIgniter.php(326): CodeIgniter\CodeIgniter->handleRequest(NULL, Object(Config\Cache), false)
#7 C:\xampp\htdocs\spk_sekolah\public\index.php(37): CodeIgniter\CodeIgniter->run()
#8 C:\xampp\htdocs\spk_sekolah\system\Commands\Server\rewrite.php(43): require_once('C:\\xampp\\htdocs...')
#9 {main}
CRITICAL - 2022-04-18 15:47:06 --> Trying to get property 'description' of non-object
#0 C:\xampp\htdocs\spk_sekolah\app\Views\backend\welcome.php(20): CodeIgniter\Debug\Exceptions->errorHandler(8, 'Trying to get p...', 'C:\\xampp\\htdocs...', 20, Array)
#1 C:\xampp\htdocs\spk_sekolah\system\View\View.php(210): include('C:\\xampp\\htdocs...')
#2 C:\xampp\htdocs\spk_sekolah\system\View\View.php(213): CodeIgniter\View\View->CodeIgniter\View\{closure}()
#3 C:\xampp\htdocs\spk_sekolah\system\Common.php(1089): CodeIgniter\View\View->render('backend/welcome', Array, true)
#4 C:\xampp\htdocs\spk_sekolah\app\Controllers\Backend.php(145): view('backend/welcome', Array)
#5 C:\xampp\htdocs\spk_sekolah\system\CodeIgniter.php(832): App\Controllers\Backend->headmaster_welcome()
#6 C:\xampp\htdocs\spk_sekolah\system\CodeIgniter.php(419): CodeIgniter\CodeIgniter->runController(Object(App\Controllers\Backend))
#7 C:\xampp\htdocs\spk_sekolah\system\CodeIgniter.php(326): CodeIgniter\CodeIgniter->handleRequest(NULL, Object(Config\Cache), false)
#8 C:\xampp\htdocs\spk_sekolah\public\index.php(37): CodeIgniter\CodeIgniter->run()
#9 C:\xampp\htdocs\spk_sekolah\system\Commands\Server\rewrite.php(43): require_once('C:\\xampp\\htdocs...')
#10 {main}
CRITICAL - 2022-04-18 15:47:25 --> Trying to get property 'description' of non-object
#0 C:\xampp\htdocs\spk_sekolah\app\Views\backend\welcome.php(20): CodeIgniter\Debug\Exceptions->errorHandler(8, 'Trying to get p...', 'C:\\xampp\\htdocs...', 20, Array)
#1 C:\xampp\htdocs\spk_sekolah\system\View\View.php(210): include('C:\\xampp\\htdocs...')
#2 C:\xampp\htdocs\spk_sekolah\system\View\View.php(213): CodeIgniter\View\View->CodeIgniter\View\{closure}()
#3 C:\xampp\htdocs\spk_sekolah\system\Common.php(1089): CodeIgniter\View\View->render('backend/welcome', Array, true)
#4 C:\xampp\htdocs\spk_sekolah\app\Controllers\Backend.php(145): view('backend/welcome', Array)
#5 C:\xampp\htdocs\spk_sekolah\system\CodeIgniter.php(832): App\Controllers\Backend->headmaster_welcome()
#6 C:\xampp\htdocs\spk_sekolah\system\CodeIgniter.php(419): CodeIgniter\CodeIgniter->runController(Object(App\Controllers\Backend))
#7 C:\xampp\htdocs\spk_sekolah\system\CodeIgniter.php(326): CodeIgniter\CodeIgniter->handleRequest(NULL, Object(Config\Cache), false)
#8 C:\xampp\htdocs\spk_sekolah\public\index.php(37): CodeIgniter\CodeIgniter->run()
#9 C:\xampp\htdocs\spk_sekolah\system\Commands\Server\rewrite.php(43): require_once('C:\\xampp\\htdocs...')
#10 {main}
CRITICAL - 2022-04-18 20:49:15 --> Undefined variable: sequences
#0 C:\xampp\htdocs\spk_sekolah\app\Views\backend\teacher\add.php(74): CodeIgniter\Debug\Exceptions->errorHandler(8, 'Undefined varia...', 'C:\\xampp\\htdocs...', 74, Array)
#1 C:\xampp\htdocs\spk_sekolah\system\View\View.php(210): include('C:\\xampp\\htdocs...')
#2 C:\xampp\htdocs\spk_sekolah\system\View\View.php(213): CodeIgniter\View\View->CodeIgniter\View\{closure}()
#3 C:\xampp\htdocs\spk_sekolah\system\Common.php(1089): CodeIgniter\View\View->render('backend/teacher...', Array, true)
#4 C:\xampp\htdocs\spk_sekolah\app\Controllers\Backend.php(207): view('backend/teacher...', Array)
#5 C:\xampp\htdocs\spk_sekolah\system\CodeIgniter.php(832): App\Controllers\Backend->add_teacher_list()
#6 C:\xampp\htdocs\spk_sekolah\system\CodeIgniter.php(419): CodeIgniter\CodeIgniter->runController(Object(App\Controllers\Backend))
#7 C:\xampp\htdocs\spk_sekolah\system\CodeIgniter.php(326): CodeIgniter\CodeIgniter->handleRequest(NULL, Object(Config\Cache), false)
#8 C:\xampp\htdocs\spk_sekolah\public\index.php(37): CodeIgniter\CodeIgniter->run()
#9 C:\xampp\htdocs\spk_sekolah\system\Commands\Server\rewrite.php(43): require_once('C:\\xampp\\htdocs...')
#10 {main}
CRITICAL - 2022-04-18 21:01:22 --> The original file is not a valid file.
#0 C:\xampp\htdocs\spk_sekolah\system\HTTP\Files\UploadedFile.php(137): CodeIgniter\HTTP\Exceptions\HTTPException::forInvalidFile()
#1 C:\xampp\htdocs\spk_sekolah\app\Controllers\Backend.php(280): CodeIgniter\HTTP\Files\UploadedFile->move('assets/img/teac...')
#2 C:\xampp\htdocs\spk_sekolah\system\CodeIgniter.php(832): App\Controllers\Backend->save_teacher_list()
#3 C:\xampp\htdocs\spk_sekolah\system\CodeIgniter.php(419): CodeIgniter\CodeIgniter->runController(Object(App\Controllers\Backend))
#4 C:\xampp\htdocs\spk_sekolah\system\CodeIgniter.php(326): CodeIgniter\CodeIgniter->handleRequest(NULL, Object(Config\Cache), false)
#5 C:\xampp\htdocs\spk_sekolah\public\index.php(37): CodeIgniter\CodeIgniter->run()
#6 C:\xampp\htdocs\spk_sekolah\system\Commands\Server\rewrite.php(43): require_once('C:\\xampp\\htdocs...')
#7 {main}
CRITICAL - 2022-04-18 21:02:11 --> The original file is not a valid file.
#0 C:\xampp\htdocs\spk_sekolah\system\HTTP\Files\UploadedFile.php(137): CodeIgniter\HTTP\Exceptions\HTTPException::forInvalidFile()
#1 C:\xampp\htdocs\spk_sekolah\app\Controllers\Backend.php(280): CodeIgniter\HTTP\Files\UploadedFile->move('assets/img/teac...')
#2 C:\xampp\htdocs\spk_sekolah\system\CodeIgniter.php(832): App\Controllers\Backend->save_teacher_list()
#3 C:\xampp\htdocs\spk_sekolah\system\CodeIgniter.php(419): CodeIgniter\CodeIgniter->runController(Object(App\Controllers\Backend))
#4 C:\xampp\htdocs\spk_sekolah\system\CodeIgniter.php(326): CodeIgniter\CodeIgniter->handleRequest(NULL, Object(Config\Cache), false)
#5 C:\xampp\htdocs\spk_sekolah\public\index.php(37): CodeIgniter\CodeIgniter->run()
#6 C:\xampp\htdocs\spk_sekolah\system\Commands\Server\rewrite.php(43): require_once('C:\\xampp\\htdocs...')
#7 {main}
