CRITICAL - 2022-04-22 07:58:18 --> Trying to get property 'slug' of non-object
#0 C:\xampp\htdocs\spk_sekolah\app\Views\frontend\layout\template.php(55): CodeIgniter\Debug\Exceptions->errorHandler(8, 'Trying to get p...', 'C:\\xampp\\htdocs...', 55, Array)
#1 C:\xampp\htdocs\spk_sekolah\system\View\View.php(210): include('C:\\xampp\\htdocs...')
#2 C:\xampp\htdocs\spk_sekolah\system\View\View.php(213): CodeIgniter\View\View->CodeIgniter\View\{closure}()
#3 C:\xampp\htdocs\spk_sekolah\system\View\View.php(226): CodeIgniter\View\View->render('frontend/layout...', Array, true)
#4 C:\xampp\htdocs\spk_sekolah\system\Common.php(1089): CodeIgniter\View\View->render('frontend/regist...', Array, true)
#5 C:\xampp\htdocs\spk_sekolah\app\Controllers\Frontend.php(185): view('frontend/regist...', Array)
#6 C:\xampp\htdocs\spk_sekolah\system\CodeIgniter.php(832): App\Controllers\Frontend->schedule()
#7 C:\xampp\htdocs\spk_sekolah\system\CodeIgniter.php(419): CodeIgniter\CodeIgniter->runController(Object(App\Controllers\Frontend))
#8 C:\xampp\htdocs\spk_sekolah\system\CodeIgniter.php(326): CodeIgniter\CodeIgniter->handleRequest(NULL, Object(Config\Cache), false)
#9 C:\xampp\htdocs\spk_sekolah\public\index.php(37): CodeIgniter\CodeIgniter->run()
#10 C:\xampp\htdocs\spk_sekolah\system\Commands\Server\rewrite.php(43): require_once('C:\\xampp\\htdocs...')
#11 {main}
CRITICAL - 2022-04-22 07:58:59 --> Trying to get property 'slug' of non-object
#0 C:\xampp\htdocs\spk_sekolah\app\Views\frontend\layout\template.php(55): CodeIgniter\Debug\Exceptions->errorHandler(8, 'Trying to get p...', 'C:\\xampp\\htdocs...', 55, Array)
#1 C:\xampp\htdocs\spk_sekolah\system\View\View.php(210): include('C:\\xampp\\htdocs...')
#2 C:\xampp\htdocs\spk_sekolah\system\View\View.php(213): CodeIgniter\View\View->CodeIgniter\View\{closure}()
#3 C:\xampp\htdocs\spk_sekolah\system\View\View.php(226): CodeIgniter\View\View->render('frontend/layout...', Array, true)
#4 C:\xampp\htdocs\spk_sekolah\system\Common.php(1089): CodeIgniter\View\View->render('frontend/regist...', Array, true)
#5 C:\xampp\htdocs\spk_sekolah\app\Controllers\Frontend.php(185): view('frontend/regist...', Array)
#6 C:\xampp\htdocs\spk_sekolah\system\CodeIgniter.php(832): App\Controllers\Frontend->schedule()
#7 C:\xampp\htdocs\spk_sekolah\system\CodeIgniter.php(419): CodeIgniter\CodeIgniter->runController(Object(App\Controllers\Frontend))
#8 C:\xampp\htdocs\spk_sekolah\system\CodeIgniter.php(326): CodeIgniter\CodeIgniter->handleRequest(NULL, Object(Config\Cache), false)
#9 C:\xampp\htdocs\spk_sekolah\public\index.php(37): CodeIgniter\CodeIgniter->run()
#10 C:\xampp\htdocs\spk_sekolah\system\Commands\Server\rewrite.php(43): require_once('C:\\xampp\\htdocs...')
#11 {main}
CRITICAL - 2022-04-22 07:59:01 --> Trying to get property 'slug' of non-object
#0 C:\xampp\htdocs\spk_sekolah\app\Views\frontend\layout\template.php(55): CodeIgniter\Debug\Exceptions->errorHandler(8, 'Trying to get p...', 'C:\\xampp\\htdocs...', 55, Array)
#1 C:\xampp\htdocs\spk_sekolah\system\View\View.php(210): include('C:\\xampp\\htdocs...')
#2 C:\xampp\htdocs\spk_sekolah\system\View\View.php(213): CodeIgniter\View\View->CodeIgniter\View\{closure}()
#3 C:\xampp\htdocs\spk_sekolah\system\View\View.php(226): CodeIgniter\View\View->render('frontend/layout...', Array, true)
#4 C:\xampp\htdocs\spk_sekolah\system\Common.php(1089): CodeIgniter\View\View->render('frontend/regist...', Array, true)
#5 C:\xampp\htdocs\spk_sekolah\app\Controllers\Frontend.php(185): view('frontend/regist...', Array)
#6 C:\xampp\htdocs\spk_sekolah\system\CodeIgniter.php(832): App\Controllers\Frontend->schedule()
#7 C:\xampp\htdocs\spk_sekolah\system\CodeIgniter.php(419): CodeIgniter\CodeIgniter->runController(Object(App\Controllers\Frontend))
#8 C:\xampp\htdocs\spk_sekolah\system\CodeIgniter.php(326): CodeIgniter\CodeIgniter->handleRequest(NULL, Object(Config\Cache), false)
#9 C:\xampp\htdocs\spk_sekolah\public\index.php(37): CodeIgniter\CodeIgniter->run()
#10 C:\xampp\htdocs\spk_sekolah\system\Commands\Server\rewrite.php(43): require_once('C:\\xampp\\htdocs...')
#11 {main}
CRITICAL - 2022-04-22 07:59:04 --> Trying to get property 'slug' of non-object
#0 C:\xampp\htdocs\spk_sekolah\app\Views\frontend\layout\template.php(55): CodeIgniter\Debug\Exceptions->errorHandler(8, 'Trying to get p...', 'C:\\xampp\\htdocs...', 55, Array)
#1 C:\xampp\htdocs\spk_sekolah\system\View\View.php(210): include('C:\\xampp\\htdocs...')
#2 C:\xampp\htdocs\spk_sekolah\system\View\View.php(213): CodeIgniter\View\View->CodeIgniter\View\{closure}()
#3 C:\xampp\htdocs\spk_sekolah\system\View\View.php(226): CodeIgniter\View\View->render('frontend/layout...', Array, true)
#4 C:\xampp\htdocs\spk_sekolah\system\Common.php(1089): CodeIgniter\View\View->render('frontend/regist...', Array, true)
#5 C:\xampp\htdocs\spk_sekolah\app\Controllers\Frontend.php(185): view('frontend/regist...', Array)
#6 C:\xampp\htdocs\spk_sekolah\system\CodeIgniter.php(832): App\Controllers\Frontend->schedule()
#7 C:\xampp\htdocs\spk_sekolah\system\CodeIgniter.php(419): CodeIgniter\CodeIgniter->runController(Object(App\Controllers\Frontend))
#8 C:\xampp\htdocs\spk_sekolah\system\CodeIgniter.php(326): CodeIgniter\CodeIgniter->handleRequest(NULL, Object(Config\Cache), false)
#9 C:\xampp\htdocs\spk_sekolah\public\index.php(37): CodeIgniter\CodeIgniter->run()
#10 C:\xampp\htdocs\spk_sekolah\system\Commands\Server\rewrite.php(43): require_once('C:\\xampp\\htdocs...')
#11 {main}
CRITICAL - 2022-04-22 07:59:16 --> Trying to get property 'slug' of non-object
#0 C:\xampp\htdocs\spk_sekolah\app\Views\frontend\layout\template.php(55): CodeIgniter\Debug\Exceptions->errorHandler(8, 'Trying to get p...', 'C:\\xampp\\htdocs...', 55, Array)
#1 C:\xampp\htdocs\spk_sekolah\system\View\View.php(210): include('C:\\xampp\\htdocs...')
#2 C:\xampp\htdocs\spk_sekolah\system\View\View.php(213): CodeIgniter\View\View->CodeIgniter\View\{closure}()
#3 C:\xampp\htdocs\spk_sekolah\system\View\View.php(226): CodeIgniter\View\View->render('frontend/layout...', Array, true)
#4 C:\xampp\htdocs\spk_sekolah\system\Common.php(1089): CodeIgniter\View\View->render('frontend/regist...', Array, true)
#5 C:\xampp\htdocs\spk_sekolah\app\Controllers\Frontend.php(185): view('frontend/regist...', Array)
#6 C:\xampp\htdocs\spk_sekolah\system\CodeIgniter.php(832): App\Controllers\Frontend->schedule()
#7 C:\xampp\htdocs\spk_sekolah\system\CodeIgniter.php(419): CodeIgniter\CodeIgniter->runController(Object(App\Controllers\Frontend))
#8 C:\xampp\htdocs\spk_sekolah\system\CodeIgniter.php(326): CodeIgniter\CodeIgniter->handleRequest(NULL, Object(Config\Cache), false)
#9 C:\xampp\htdocs\spk_sekolah\public\index.php(37): CodeIgniter\CodeIgniter->run()
#10 C:\xampp\htdocs\spk_sekolah\system\Commands\Server\rewrite.php(43): require_once('C:\\xampp\\htdocs...')
#11 {main}
CRITICAL - 2022-04-22 08:14:08 --> Undefined variable: data
#0 C:\xampp\htdocs\spk_sekolah\app\Controllers\Frontend.php(187): CodeIgniter\Debug\Exceptions->errorHandler(8, 'Undefined varia...', 'C:\\xampp\\htdocs...', 187, Array)
#1 C:\xampp\htdocs\spk_sekolah\system\CodeIgniter.php(832): App\Controllers\Frontend->load_schedule()
#2 C:\xampp\htdocs\spk_sekolah\system\CodeIgniter.php(419): CodeIgniter\CodeIgniter->runController(Object(App\Controllers\Frontend))
#3 C:\xampp\htdocs\spk_sekolah\system\CodeIgniter.php(326): CodeIgniter\CodeIgniter->handleRequest(NULL, Object(Config\Cache), false)
#4 C:\xampp\htdocs\spk_sekolah\public\index.php(37): CodeIgniter\CodeIgniter->run()
#5 C:\xampp\htdocs\spk_sekolah\system\Commands\Server\rewrite.php(43): require_once('C:\\xampp\\htdocs...')
#6 {main}
CRITICAL - 2022-04-22 08:58:01 --> Undefined property: App\Controllers\Backend::$scheduleModel
#0 C:\xampp\htdocs\spk_sekolah\app\Controllers\Backend.php(824): CodeIgniter\Debug\Exceptions->errorHandler(8, 'Undefined prope...', 'C:\\xampp\\htdocs...', 824, Array)
#1 C:\xampp\htdocs\spk_sekolah\system\CodeIgniter.php(832): App\Controllers\Backend->regist_schedule_load()
#2 C:\xampp\htdocs\spk_sekolah\system\CodeIgniter.php(419): CodeIgniter\CodeIgniter->runController(Object(App\Controllers\Backend))
#3 C:\xampp\htdocs\spk_sekolah\system\CodeIgniter.php(326): CodeIgniter\CodeIgniter->handleRequest(NULL, Object(Config\Cache), false)
#4 C:\xampp\htdocs\spk_sekolah\public\index.php(37): CodeIgniter\CodeIgniter->run()
#5 C:\xampp\htdocs\spk_sekolah\system\Commands\Server\rewrite.php(43): require_once('C:\\xampp\\htdocs...')
#6 {main}
CRITICAL - 2022-04-22 09:16:34 --> Undefined property: App\Controllers\Frontend::$calendarModel
#0 C:\xampp\htdocs\spk_sekolah\app\Controllers\Frontend.php(155): CodeIgniter\Debug\Exceptions->errorHandler(8, 'Undefined prope...', 'C:\\xampp\\htdocs...', 155, Array)
#1 C:\xampp\htdocs\spk_sekolah\system\CodeIgniter.php(832): App\Controllers\Frontend->schedule()
#2 C:\xampp\htdocs\spk_sekolah\system\CodeIgniter.php(419): CodeIgniter\CodeIgniter->runController(Object(App\Controllers\Frontend))
#3 C:\xampp\htdocs\spk_sekolah\system\CodeIgniter.php(326): CodeIgniter\CodeIgniter->handleRequest(NULL, Object(Config\Cache), false)
#4 C:\xampp\htdocs\spk_sekolah\public\index.php(37): CodeIgniter\CodeIgniter->run()
#5 C:\xampp\htdocs\spk_sekolah\system\Commands\Server\rewrite.php(43): require_once('C:\\xampp\\htdocs...')
#6 {main}
ERROR - 2022-04-22 09:36:13 --> Error connecting to the database: No connection could be made because the target machine actively refused it.

CRITICAL - 2022-04-22 09:36:13 --> Unable to connect to the database.
Main connection [MySQLi]: No connection could be made because the target machine actively refused it.

#0 C:\xampp\htdocs\spk_sekolah\system\Database\BaseConnection.php(577): CodeIgniter\Database\BaseConnection->initialize()
#1 C:\xampp\htdocs\spk_sekolah\system\Database\BaseBuilder.php(1455): CodeIgniter\Database\BaseConnection->query('SELECT *\nFROM `...', Array, false)
#2 C:\xampp\htdocs\spk_sekolah\system\Model.php(183): CodeIgniter\Database\BaseBuilder->get()
#3 C:\xampp\htdocs\spk_sekolah\system\BaseModel.php(584): CodeIgniter\Model->doFindAll(0, 0)
#4 C:\xampp\htdocs\spk_sekolah\app\Controllers\Frontend.php(165): CodeIgniter\BaseModel->findAll()
#5 C:\xampp\htdocs\spk_sekolah\system\CodeIgniter.php(832): App\Controllers\Frontend->load_schedule()
#6 C:\xampp\htdocs\spk_sekolah\system\CodeIgniter.php(419): CodeIgniter\CodeIgniter->runController(Object(App\Controllers\Frontend))
#7 C:\xampp\htdocs\spk_sekolah\system\CodeIgniter.php(326): CodeIgniter\CodeIgniter->handleRequest(NULL, Object(Config\Cache), false)
#8 C:\xampp\htdocs\spk_sekolah\public\index.php(37): CodeIgniter\CodeIgniter->run()
#9 C:\xampp\htdocs\spk_sekolah\system\Commands\Server\rewrite.php(43): require_once('C:\\xampp\\htdocs...')
#10 {main}
CRITICAL - 2022-04-22 09:49:35 --> Array to string conversion
#0 C:\xampp\htdocs\spk_sekolah\app\Controllers\Frontend.php(190): CodeIgniter\Debug\Exceptions->errorHandler(8, 'Array to string...', 'C:\\xampp\\htdocs...', 190, Array)
#1 C:\xampp\htdocs\spk_sekolah\system\CodeIgniter.php(832): App\Controllers\Frontend->load_schedule()
#2 C:\xampp\htdocs\spk_sekolah\system\CodeIgniter.php(419): CodeIgniter\CodeIgniter->runController(Object(App\Controllers\Frontend))
#3 C:\xampp\htdocs\spk_sekolah\system\CodeIgniter.php(326): CodeIgniter\CodeIgniter->handleRequest(NULL, Object(Config\Cache), false)
#4 C:\xampp\htdocs\spk_sekolah\public\index.php(37): CodeIgniter\CodeIgniter->run()
#5 C:\xampp\htdocs\spk_sekolah\system\Commands\Server\rewrite.php(43): require_once('C:\\xampp\\htdocs...')
#6 {main}
CRITICAL - 2022-04-22 09:49:38 --> Array to string conversion
#0 C:\xampp\htdocs\spk_sekolah\app\Controllers\Frontend.php(190): CodeIgniter\Debug\Exceptions->errorHandler(8, 'Array to string...', 'C:\\xampp\\htdocs...', 190, Array)
#1 C:\xampp\htdocs\spk_sekolah\system\CodeIgniter.php(832): App\Controllers\Frontend->load_schedule()
#2 C:\xampp\htdocs\spk_sekolah\system\CodeIgniter.php(419): CodeIgniter\CodeIgniter->runController(Object(App\Controllers\Frontend))
#3 C:\xampp\htdocs\spk_sekolah\system\CodeIgniter.php(326): CodeIgniter\CodeIgniter->handleRequest(NULL, Object(Config\Cache), false)
#4 C:\xampp\htdocs\spk_sekolah\public\index.php(37): CodeIgniter\CodeIgniter->run()
#5 C:\xampp\htdocs\spk_sekolah\system\Commands\Server\rewrite.php(43): require_once('C:\\xampp\\htdocs...')
#6 {main}
