CRITICAL - 2022-04-19 12:49:08 --> Unparenthesized `a ? b : c ? d : e` is deprecated. Use either `(a ? b : c) ? d : e` or `a ? b : (c ? d : e)`
#0 C:\xampp\htdocs\spk_sekolah\system\View\View.php(210): CodeIgniter\Debug\Exceptions->errorHandler(8192, 'Unparenthesized...', 'C:\\xampp\\htdocs...', 52, Array)
#1 C:\xampp\htdocs\spk_sekolah\system\View\View.php(210): include()
#2 C:\xampp\htdocs\spk_sekolah\system\View\View.php(213): CodeIgniter\View\View->CodeIgniter\View\{closure}()
#3 C:\xampp\htdocs\spk_sekolah\system\Common.php(1089): CodeIgniter\View\View->render('backend/teacher...', Array, true)
#4 C:\xampp\htdocs\spk_sekolah\app\Controllers\Backend.php(320): view('backend/teacher...', Array)
#5 C:\xampp\htdocs\spk_sekolah\system\CodeIgniter.php(832): App\Controllers\Backend->edit_teacher_list('4')
#6 C:\xampp\htdocs\spk_sekolah\system\CodeIgniter.php(419): CodeIgniter\CodeIgniter->runController(Object(App\Controllers\Backend))
#7 C:\xampp\htdocs\spk_sekolah\system\CodeIgniter.php(326): CodeIgniter\CodeIgniter->handleRequest(NULL, Object(Config\Cache), false)
#8 C:\xampp\htdocs\spk_sekolah\public\index.php(37): CodeIgniter\CodeIgniter->run()
#9 C:\xampp\htdocs\spk_sekolah\system\Commands\Server\rewrite.php(43): require_once('C:\\xampp\\htdocs...')
#10 {main}
CRITICAL - 2022-04-19 12:50:07 --> Unparenthesized `a ? b : c ? d : e` is deprecated. Use either `(a ? b : c) ? d : e` or `a ? b : (c ? d : e)`
#0 C:\xampp\htdocs\spk_sekolah\system\View\View.php(210): CodeIgniter\Debug\Exceptions->errorHandler(8192, 'Unparenthesized...', 'C:\\xampp\\htdocs...', 52, Array)
#1 C:\xampp\htdocs\spk_sekolah\system\View\View.php(210): include()
#2 C:\xampp\htdocs\spk_sekolah\system\View\View.php(213): CodeIgniter\View\View->CodeIgniter\View\{closure}()
#3 C:\xampp\htdocs\spk_sekolah\system\Common.php(1089): CodeIgniter\View\View->render('backend/teacher...', Array, true)
#4 C:\xampp\htdocs\spk_sekolah\app\Controllers\Backend.php(320): view('backend/teacher...', Array)
#5 C:\xampp\htdocs\spk_sekolah\system\CodeIgniter.php(832): App\Controllers\Backend->edit_teacher_list('4')
#6 C:\xampp\htdocs\spk_sekolah\system\CodeIgniter.php(419): CodeIgniter\CodeIgniter->runController(Object(App\Controllers\Backend))
#7 C:\xampp\htdocs\spk_sekolah\system\CodeIgniter.php(326): CodeIgniter\CodeIgniter->handleRequest(NULL, Object(Config\Cache), false)
#8 C:\xampp\htdocs\spk_sekolah\public\index.php(37): CodeIgniter\CodeIgniter->run()
#9 C:\xampp\htdocs\spk_sekolah\system\Commands\Server\rewrite.php(43): require_once('C:\\xampp\\htdocs...')
#10 {main}
CRITICAL - 2022-04-19 12:51:20 --> Unparenthesized `a ? b : c ? d : e` is deprecated. Use either `(a ? b : c) ? d : e` or `a ? b : (c ? d : e)`
#0 C:\xampp\htdocs\spk_sekolah\system\View\View.php(210): CodeIgniter\Debug\Exceptions->errorHandler(8192, 'Unparenthesized...', 'C:\\xampp\\htdocs...', 56, Array)
#1 C:\xampp\htdocs\spk_sekolah\system\View\View.php(210): include()
#2 C:\xampp\htdocs\spk_sekolah\system\View\View.php(213): CodeIgniter\View\View->CodeIgniter\View\{closure}()
#3 C:\xampp\htdocs\spk_sekolah\system\Common.php(1089): CodeIgniter\View\View->render('backend/teacher...', Array, true)
#4 C:\xampp\htdocs\spk_sekolah\app\Controllers\Backend.php(320): view('backend/teacher...', Array)
#5 C:\xampp\htdocs\spk_sekolah\system\CodeIgniter.php(832): App\Controllers\Backend->edit_teacher_list('4')
#6 C:\xampp\htdocs\spk_sekolah\system\CodeIgniter.php(419): CodeIgniter\CodeIgniter->runController(Object(App\Controllers\Backend))
#7 C:\xampp\htdocs\spk_sekolah\system\CodeIgniter.php(326): CodeIgniter\CodeIgniter->handleRequest(NULL, Object(Config\Cache), false)
#8 C:\xampp\htdocs\spk_sekolah\public\index.php(37): CodeIgniter\CodeIgniter->run()
#9 C:\xampp\htdocs\spk_sekolah\system\Commands\Server\rewrite.php(43): require_once('C:\\xampp\\htdocs...')
#10 {main}
CRITICAL - 2022-04-19 12:52:58 --> Unparenthesized `a ? b : c ? d : e` is deprecated. Use either `(a ? b : c) ? d : e` or `a ? b : (c ? d : e)`
#0 C:\xampp\htdocs\spk_sekolah\system\View\View.php(210): CodeIgniter\Debug\Exceptions->errorHandler(8192, 'Unparenthesized...', 'C:\\xampp\\htdocs...', 82, Array)
#1 C:\xampp\htdocs\spk_sekolah\system\View\View.php(210): include()
#2 C:\xampp\htdocs\spk_sekolah\system\View\View.php(213): CodeIgniter\View\View->CodeIgniter\View\{closure}()
#3 C:\xampp\htdocs\spk_sekolah\system\Common.php(1089): CodeIgniter\View\View->render('backend/teacher...', Array, true)
#4 C:\xampp\htdocs\spk_sekolah\app\Controllers\Backend.php(320): view('backend/teacher...', Array)
#5 C:\xampp\htdocs\spk_sekolah\system\CodeIgniter.php(832): App\Controllers\Backend->edit_teacher_list('4')
#6 C:\xampp\htdocs\spk_sekolah\system\CodeIgniter.php(419): CodeIgniter\CodeIgniter->runController(Object(App\Controllers\Backend))
#7 C:\xampp\htdocs\spk_sekolah\system\CodeIgniter.php(326): CodeIgniter\CodeIgniter->handleRequest(NULL, Object(Config\Cache), false)
#8 C:\xampp\htdocs\spk_sekolah\public\index.php(37): CodeIgniter\CodeIgniter->run()
#9 C:\xampp\htdocs\spk_sekolah\system\Commands\Server\rewrite.php(43): require_once('C:\\xampp\\htdocs...')
#10 {main}
CRITICAL - 2022-04-19 14:51:59 --> Too few arguments to function CodeIgniter\CodeIgniter::Config\{closure}(), 0 passed in C:\xampp\htdocs\spk_sekolah\system\CodeIgniter.php on line 788 and exactly 1 expected
#0 C:\xampp\htdocs\spk_sekolah\system\CodeIgniter.php(788): CodeIgniter\CodeIgniter->Config\{closure}()
#1 C:\xampp\htdocs\spk_sekolah\system\CodeIgniter.php(406): CodeIgniter\CodeIgniter->startController()
#2 C:\xampp\htdocs\spk_sekolah\system\CodeIgniter.php(326): CodeIgniter\CodeIgniter->handleRequest(NULL, Object(Config\Cache), false)
#3 C:\xampp\htdocs\spk_sekolah\public\index.php(37): CodeIgniter\CodeIgniter->run()
#4 C:\xampp\htdocs\spk_sekolah\system\Commands\Server\rewrite.php(43): require_once('C:\\xampp\\htdocs...')
#5 {main}
CRITICAL - 2022-04-19 14:55:43 --> Undefined variable: validation
#0 C:\xampp\htdocs\spk_sekolah\app\Views\backend\registration\requirements\add.php(21): CodeIgniter\Debug\Exceptions->errorHandler(8, 'Undefined varia...', 'C:\\xampp\\htdocs...', 21, Array)
#1 C:\xampp\htdocs\spk_sekolah\system\View\View.php(210): include('C:\\xampp\\htdocs...')
#2 C:\xampp\htdocs\spk_sekolah\system\View\View.php(213): CodeIgniter\View\View->CodeIgniter\View\{closure}()
#3 C:\xampp\htdocs\spk_sekolah\system\Common.php(1089): CodeIgniter\View\View->render('backend/registr...', Array, true)
#4 C:\xampp\htdocs\spk_sekolah\app\Controllers\Backend.php(553): view('backend/registr...', Array)
#5 C:\xampp\htdocs\spk_sekolah\system\CodeIgniter.php(832): App\Controllers\Backend->add_regist_req()
#6 C:\xampp\htdocs\spk_sekolah\system\CodeIgniter.php(419): CodeIgniter\CodeIgniter->runController(Object(App\Controllers\Backend))
#7 C:\xampp\htdocs\spk_sekolah\system\CodeIgniter.php(326): CodeIgniter\CodeIgniter->handleRequest(NULL, Object(Config\Cache), false)
#8 C:\xampp\htdocs\spk_sekolah\public\index.php(37): CodeIgniter\CodeIgniter->run()
#9 C:\xampp\htdocs\spk_sekolah\system\Commands\Server\rewrite.php(43): require_once('C:\\xampp\\htdocs...')
#10 {main}
