CRITICAL - 2022-05-09 08:20:55 --> Invalid argument supplied for foreach()
#0 C:\xampp\htdocs\spk_sekolah\app\Views\frontend\layout\template.php(55): CodeIgniter\Debug\Exceptions->errorHandler(2, 'Invalid argumen...', 'C:\\xampp\\htdocs...', 55, Array)
#1 C:\xampp\htdocs\spk_sekolah\system\View\View.php(210): include('C:\\xampp\\htdocs...')
#2 C:\xampp\htdocs\spk_sekolah\system\View\View.php(213): CodeIgniter\View\View->CodeIgniter\View\{closure}()
#3 C:\xampp\htdocs\spk_sekolah\system\View\View.php(226): CodeIgniter\View\View->render('frontend/layout...', Array, true)
#4 C:\xampp\htdocs\spk_sekolah\system\Common.php(1089): CodeIgniter\View\View->render('\\App\\Views\\Auth...', Array, true)
#5 C:\xampp\htdocs\spk_sekolah\vendor\myth\auth\src\Controllers\AuthController.php(455): view('\\App\\Views\\Auth...', Array)
#6 C:\xampp\htdocs\spk_sekolah\vendor\myth\auth\src\Controllers\AuthController.php(151): Myth\Auth\Controllers\AuthController->_render('\\App\\Views\\Auth...', Array)
#7 C:\xampp\htdocs\spk_sekolah\system\CodeIgniter.php(832): Myth\Auth\Controllers\AuthController->register()
#8 C:\xampp\htdocs\spk_sekolah\system\CodeIgniter.php(419): CodeIgniter\CodeIgniter->runController(Object(Myth\Auth\Controllers\AuthController))
#9 C:\xampp\htdocs\spk_sekolah\system\CodeIgniter.php(326): CodeIgniter\CodeIgniter->handleRequest(NULL, Object(Config\Cache), false)
#10 C:\xampp\htdocs\spk_sekolah\public\index.php(37): CodeIgniter\CodeIgniter->run()
#11 C:\xampp\htdocs\spk_sekolah\system\Commands\Server\rewrite.php(43): require_once('C:\\xampp\\htdocs...')
#12 {main}
CRITICAL - 2022-05-09 08:21:06 --> Undefined variable: majors
#0 C:\xampp\htdocs\spk_sekolah\app\Views\frontend\layout\template.php(55): CodeIgniter\Debug\Exceptions->errorHandler(8, 'Undefined varia...', 'C:\\xampp\\htdocs...', 55, Array)
#1 C:\xampp\htdocs\spk_sekolah\system\View\View.php(210): include('C:\\xampp\\htdocs...')
#2 C:\xampp\htdocs\spk_sekolah\system\View\View.php(213): CodeIgniter\View\View->CodeIgniter\View\{closure}()
#3 C:\xampp\htdocs\spk_sekolah\system\View\View.php(226): CodeIgniter\View\View->render('frontend/layout...', Array, true)
#4 C:\xampp\htdocs\spk_sekolah\system\Common.php(1089): CodeIgniter\View\View->render('\\App\\Views\\Auth...', Array, true)
#5 C:\xampp\htdocs\spk_sekolah\vendor\myth\auth\src\Controllers\AuthController.php(455): view('\\App\\Views\\Auth...', Array)
#6 C:\xampp\htdocs\spk_sekolah\vendor\myth\auth\src\Controllers\AuthController.php(151): Myth\Auth\Controllers\AuthController->_render('\\App\\Views\\Auth...', Array)
#7 C:\xampp\htdocs\spk_sekolah\system\CodeIgniter.php(832): Myth\Auth\Controllers\AuthController->register()
#8 C:\xampp\htdocs\spk_sekolah\system\CodeIgniter.php(419): CodeIgniter\CodeIgniter->runController(Object(Myth\Auth\Controllers\AuthController))
#9 C:\xampp\htdocs\spk_sekolah\system\CodeIgniter.php(326): CodeIgniter\CodeIgniter->handleRequest(NULL, Object(Config\Cache), false)
#10 C:\xampp\htdocs\spk_sekolah\public\index.php(37): CodeIgniter\CodeIgniter->run()
#11 C:\xampp\htdocs\spk_sekolah\system\Commands\Server\rewrite.php(43): require_once('C:\\xampp\\htdocs...')
#12 {main}
CRITICAL - 2022-05-09 08:22:31 --> Undefined variable: about
#0 C:\xampp\htdocs\spk_sekolah\app\Views\frontend\layout\template.php(113): CodeIgniter\Debug\Exceptions->errorHandler(8, 'Undefined varia...', 'C:\\xampp\\htdocs...', 113, Array)
#1 C:\xampp\htdocs\spk_sekolah\system\View\View.php(210): include('C:\\xampp\\htdocs...')
#2 C:\xampp\htdocs\spk_sekolah\system\View\View.php(213): CodeIgniter\View\View->CodeIgniter\View\{closure}()
#3 C:\xampp\htdocs\spk_sekolah\system\View\View.php(226): CodeIgniter\View\View->render('frontend/layout...', Array, true)
#4 C:\xampp\htdocs\spk_sekolah\system\Common.php(1089): CodeIgniter\View\View->render('\\App\\Views\\Auth...', Array, true)
#5 C:\xampp\htdocs\spk_sekolah\vendor\myth\auth\src\Controllers\AuthController.php(458): view('\\App\\Views\\Auth...', Array)
#6 C:\xampp\htdocs\spk_sekolah\vendor\myth\auth\src\Controllers\AuthController.php(154): Myth\Auth\Controllers\AuthController->_render('\\App\\Views\\Auth...', Array)
#7 C:\xampp\htdocs\spk_sekolah\system\CodeIgniter.php(832): Myth\Auth\Controllers\AuthController->register()
#8 C:\xampp\htdocs\spk_sekolah\system\CodeIgniter.php(419): CodeIgniter\CodeIgniter->runController(Object(Myth\Auth\Controllers\AuthController))
#9 C:\xampp\htdocs\spk_sekolah\system\CodeIgniter.php(326): CodeIgniter\CodeIgniter->handleRequest(NULL, Object(Config\Cache), false)
#10 C:\xampp\htdocs\spk_sekolah\public\index.php(37): CodeIgniter\CodeIgniter->run()
#11 C:\xampp\htdocs\spk_sekolah\system\Commands\Server\rewrite.php(43): require_once('C:\\xampp\\htdocs...')
#12 {main}
