CRITICAL - 2022-05-19 11:10:21 --> Undefined variable: sub_title
#0 C:\xampp\htdocs\spk_sekolah\app\Views\frontend\layout\template.php(205): CodeIgniter\Debug\Exceptions->errorHandler(8, 'Undefined varia...', 'C:\\xampp\\htdocs...', 205, Array)
#1 C:\xampp\htdocs\spk_sekolah\system\View\View.php(210): include('C:\\xampp\\htdocs...')
#2 C:\xampp\htdocs\spk_sekolah\system\View\View.php(213): CodeIgniter\View\View->CodeIgniter\View\{closure}()
#3 C:\xampp\htdocs\spk_sekolah\system\View\View.php(226): CodeIgniter\View\View->render('frontend/layout...', Array, true)
#4 C:\xampp\htdocs\spk_sekolah\system\Common.php(1089): CodeIgniter\View\View->render('frontend/index', Array, true)
#5 C:\xampp\htdocs\spk_sekolah\app\Controllers\Frontend.php(64): view('frontend/index', Array)
#6 C:\xampp\htdocs\spk_sekolah\system\CodeIgniter.php(832): App\Controllers\Frontend->index()
#7 C:\xampp\htdocs\spk_sekolah\system\CodeIgniter.php(419): CodeIgniter\CodeIgniter->runController(Object(App\Controllers\Frontend))
#8 C:\xampp\htdocs\spk_sekolah\system\CodeIgniter.php(326): CodeIgniter\CodeIgniter->handleRequest(NULL, Object(Config\Cache), false)
#9 C:\xampp\htdocs\spk_sekolah\public\index.php(37): CodeIgniter\CodeIgniter->run()
#10 C:\xampp\htdocs\spk_sekolah\system\Commands\Server\rewrite.php(43): require_once('C:\\xampp\\htdocs...')
#11 {main}
CRITICAL - 2022-05-19 11:18:23 --> Undefined variable: biodata
#0 C:\xampp\htdocs\spk_sekolah\app\Views\frontend\layout\template.php(87): CodeIgniter\Debug\Exceptions->errorHandler(8, 'Undefined varia...', 'C:\\xampp\\htdocs...', 87, Array)
#1 C:\xampp\htdocs\spk_sekolah\system\View\View.php(210): include('C:\\xampp\\htdocs...')
#2 C:\xampp\htdocs\spk_sekolah\system\View\View.php(213): CodeIgniter\View\View->CodeIgniter\View\{closure}()
#3 C:\xampp\htdocs\spk_sekolah\system\View\View.php(226): CodeIgniter\View\View->render('frontend/layout...', Array, true)
#4 C:\xampp\htdocs\spk_sekolah\system\Common.php(1089): CodeIgniter\View\View->render('frontend/index', Array, true)
#5 C:\xampp\htdocs\spk_sekolah\app\Controllers\Frontend.php(65): view('frontend/index', Array)
#6 C:\xampp\htdocs\spk_sekolah\system\CodeIgniter.php(832): App\Controllers\Frontend->index()
#7 C:\xampp\htdocs\spk_sekolah\system\CodeIgniter.php(419): CodeIgniter\CodeIgniter->runController(Object(App\Controllers\Frontend))
#8 C:\xampp\htdocs\spk_sekolah\system\CodeIgniter.php(326): CodeIgniter\CodeIgniter->handleRequest(NULL, Object(Config\Cache), false)
#9 C:\xampp\htdocs\spk_sekolah\public\index.php(37): CodeIgniter\CodeIgniter->run()
#10 C:\xampp\htdocs\spk_sekolah\system\Commands\Server\rewrite.php(43): require_once('C:\\xampp\\htdocs...')
#11 {main}
CRITICAL - 2022-05-19 15:24:38 --> Undefined variable: rules_proxy_status
#0 C:\xampp\htdocs\spk_sekolah\app\Controllers\Frontend.php(695): CodeIgniter\Debug\Exceptions->errorHandler(8, 'Undefined varia...', 'C:\\xampp\\htdocs...', 695, Array)
#1 C:\xampp\htdocs\spk_sekolah\system\CodeIgniter.php(832): App\Controllers\Frontend->save_basic()
#2 C:\xampp\htdocs\spk_sekolah\system\CodeIgniter.php(419): CodeIgniter\CodeIgniter->runController(Object(App\Controllers\Frontend))
#3 C:\xampp\htdocs\spk_sekolah\system\CodeIgniter.php(326): CodeIgniter\CodeIgniter->handleRequest(NULL, Object(Config\Cache), false)
#4 C:\xampp\htdocs\spk_sekolah\public\index.php(37): CodeIgniter\CodeIgniter->run()
#5 C:\xampp\htdocs\spk_sekolah\system\Commands\Server\rewrite.php(43): require_once('C:\\xampp\\htdocs...')
#6 {main}
