CRITICAL - 2022-05-30 11:39:29 --> Attempt to read property "certificate" on null
#0 C:\xampp\htdocs\spk_sekolah\app\Views\frontend\registration\file.php(17): CodeIgniter\Debug\Exceptions->errorHandler(2, 'Attempt to read...', 'C:\\xampp\\htdocs...', 17)
#1 C:\xampp\htdocs\spk_sekolah\system\View\View.php(210): include('C:\\xampp\\htdocs...')
#2 C:\xampp\htdocs\spk_sekolah\system\View\View.php(213): CodeIgniter\View\View->CodeIgniter\View\{closure}()
#3 C:\xampp\htdocs\spk_sekolah\system\Common.php(1089): CodeIgniter\View\View->render('frontend/regist...', Array, true)
#4 C:\xampp\htdocs\spk_sekolah\app\Controllers\Frontend.php(1037): view('frontend/regist...', Array)
#5 C:\xampp\htdocs\spk_sekolah\system\CodeIgniter.php(832): App\Controllers\Frontend->regist_file()
#6 C:\xampp\htdocs\spk_sekolah\system\CodeIgniter.php(419): CodeIgniter\CodeIgniter->runController(Object(App\Controllers\Frontend))
#7 C:\xampp\htdocs\spk_sekolah\system\CodeIgniter.php(326): CodeIgniter\CodeIgniter->handleRequest(NULL, Object(Config\Cache), false)
#8 C:\xampp\htdocs\spk_sekolah\public\index.php(37): CodeIgniter\CodeIgniter->run()
#9 C:\xampp\htdocs\spk_sekolah\system\Commands\Server\rewrite.php(43): require_once('C:\\xampp\\htdocs...')
#10 {main}
CRITICAL - 2022-05-30 11:42:42 --> Attempt to read property "certificate" on null
#0 C:\xampp\htdocs\spk_sekolah\app\Views\frontend\registration\file.php(17): CodeIgniter\Debug\Exceptions->errorHandler(2, 'Attempt to read...', 'C:\\xampp\\htdocs...', 17)
#1 C:\xampp\htdocs\spk_sekolah\system\View\View.php(210): include('C:\\xampp\\htdocs...')
#2 C:\xampp\htdocs\spk_sekolah\system\View\View.php(213): CodeIgniter\View\View->CodeIgniter\View\{closure}()
#3 C:\xampp\htdocs\spk_sekolah\system\Common.php(1089): CodeIgniter\View\View->render('frontend/regist...', Array, true)
#4 C:\xampp\htdocs\spk_sekolah\app\Controllers\Frontend.php(1037): view('frontend/regist...', Array)
#5 C:\xampp\htdocs\spk_sekolah\system\CodeIgniter.php(832): App\Controllers\Frontend->regist_file()
#6 C:\xampp\htdocs\spk_sekolah\system\CodeIgniter.php(419): CodeIgniter\CodeIgniter->runController(Object(App\Controllers\Frontend))
#7 C:\xampp\htdocs\spk_sekolah\system\CodeIgniter.php(326): CodeIgniter\CodeIgniter->handleRequest(NULL, Object(Config\Cache), false)
#8 C:\xampp\htdocs\spk_sekolah\public\index.php(37): CodeIgniter\CodeIgniter->run()
#9 C:\xampp\htdocs\spk_sekolah\system\Commands\Server\rewrite.php(43): require_once('C:\\xampp\\htdocs...')
#10 {main}
CRITICAL - 2022-05-30 11:45:24 --> syntax error, unexpected token ")"
#0 C:\xampp\htdocs\spk_sekolah\system\View\View.php(213): CodeIgniter\View\View->CodeIgniter\View\{closure}()
#1 C:\xampp\htdocs\spk_sekolah\system\Common.php(1089): CodeIgniter\View\View->render('frontend/regist...', Array, true)
#2 C:\xampp\htdocs\spk_sekolah\app\Controllers\Frontend.php(1037): view('frontend/regist...', Array)
#3 C:\xampp\htdocs\spk_sekolah\system\CodeIgniter.php(832): App\Controllers\Frontend->regist_file()
#4 C:\xampp\htdocs\spk_sekolah\system\CodeIgniter.php(419): CodeIgniter\CodeIgniter->runController(Object(App\Controllers\Frontend))
#5 C:\xampp\htdocs\spk_sekolah\system\CodeIgniter.php(326): CodeIgniter\CodeIgniter->handleRequest(NULL, Object(Config\Cache), false)
#6 C:\xampp\htdocs\spk_sekolah\public\index.php(37): CodeIgniter\CodeIgniter->run()
#7 C:\xampp\htdocs\spk_sekolah\system\Commands\Server\rewrite.php(43): require_once('C:\\xampp\\htdocs...')
#8 {main}
CRITICAL - 2022-05-30 11:45:41 --> Attempt to read property "certificate" on null
#0 C:\xampp\htdocs\spk_sekolah\app\Views\frontend\registration\file.php(17): CodeIgniter\Debug\Exceptions->errorHandler(2, 'Attempt to read...', 'C:\\xampp\\htdocs...', 17)
#1 C:\xampp\htdocs\spk_sekolah\system\View\View.php(210): include('C:\\xampp\\htdocs...')
#2 C:\xampp\htdocs\spk_sekolah\system\View\View.php(213): CodeIgniter\View\View->CodeIgniter\View\{closure}()
#3 C:\xampp\htdocs\spk_sekolah\system\Common.php(1089): CodeIgniter\View\View->render('frontend/regist...', Array, true)
#4 C:\xampp\htdocs\spk_sekolah\app\Controllers\Frontend.php(1037): view('frontend/regist...', Array)
#5 C:\xampp\htdocs\spk_sekolah\system\CodeIgniter.php(832): App\Controllers\Frontend->regist_file()
#6 C:\xampp\htdocs\spk_sekolah\system\CodeIgniter.php(419): CodeIgniter\CodeIgniter->runController(Object(App\Controllers\Frontend))
#7 C:\xampp\htdocs\spk_sekolah\system\CodeIgniter.php(326): CodeIgniter\CodeIgniter->handleRequest(NULL, Object(Config\Cache), false)
#8 C:\xampp\htdocs\spk_sekolah\public\index.php(37): CodeIgniter\CodeIgniter->run()
#9 C:\xampp\htdocs\spk_sekolah\system\Commands\Server\rewrite.php(43): require_once('C:\\xampp\\htdocs...')
#10 {main}
CRITICAL - 2022-05-30 11:46:33 --> Attempt to read property "skhu" on null
#0 C:\xampp\htdocs\spk_sekolah\app\Views\frontend\registration\file.php(51): CodeIgniter\Debug\Exceptions->errorHandler(2, 'Attempt to read...', 'C:\\xampp\\htdocs...', 51)
#1 C:\xampp\htdocs\spk_sekolah\system\View\View.php(210): include('C:\\xampp\\htdocs...')
#2 C:\xampp\htdocs\spk_sekolah\system\View\View.php(213): CodeIgniter\View\View->CodeIgniter\View\{closure}()
#3 C:\xampp\htdocs\spk_sekolah\system\Common.php(1089): CodeIgniter\View\View->render('frontend/regist...', Array, true)
#4 C:\xampp\htdocs\spk_sekolah\app\Controllers\Frontend.php(1037): view('frontend/regist...', Array)
#5 C:\xampp\htdocs\spk_sekolah\system\CodeIgniter.php(832): App\Controllers\Frontend->regist_file()
#6 C:\xampp\htdocs\spk_sekolah\system\CodeIgniter.php(419): CodeIgniter\CodeIgniter->runController(Object(App\Controllers\Frontend))
#7 C:\xampp\htdocs\spk_sekolah\system\CodeIgniter.php(326): CodeIgniter\CodeIgniter->handleRequest(NULL, Object(Config\Cache), false)
#8 C:\xampp\htdocs\spk_sekolah\public\index.php(37): CodeIgniter\CodeIgniter->run()
#9 C:\xampp\htdocs\spk_sekolah\system\Commands\Server\rewrite.php(43): require_once('C:\\xampp\\htdocs...')
#10 {main}
CRITICAL - 2022-05-30 15:24:43 --> Attempt to read property "certificate" on null
#0 C:\xampp\htdocs\spk_sekolah\vendor\myth\auth\src\Controllers\AuthController.php(133): CodeIgniter\Debug\Exceptions->errorHandler(2, 'Attempt to read...', 'C:\\xampp\\htdocs...', 133)
#1 C:\xampp\htdocs\spk_sekolah\system\CodeIgniter.php(832): Myth\Auth\Controllers\AuthController->attemptLogin()
#2 C:\xampp\htdocs\spk_sekolah\system\CodeIgniter.php(419): CodeIgniter\CodeIgniter->runController(Object(Myth\Auth\Controllers\AuthController))
#3 C:\xampp\htdocs\spk_sekolah\system\CodeIgniter.php(326): CodeIgniter\CodeIgniter->handleRequest(NULL, Object(Config\Cache), false)
#4 C:\xampp\htdocs\spk_sekolah\public\index.php(37): CodeIgniter\CodeIgniter->run()
#5 C:\xampp\htdocs\spk_sekolah\system\Commands\Server\rewrite.php(43): require_once('C:\\xampp\\htdocs...')
#6 {main}
CRITICAL - 2022-05-30 15:31:19 --> Undefined variable $file
#0 C:\xampp\htdocs\spk_sekolah\app\Views\frontend\layout\template.php(93): CodeIgniter\Debug\Exceptions->errorHandler(2, 'Undefined varia...', 'C:\\xampp\\htdocs...', 93)
#1 C:\xampp\htdocs\spk_sekolah\system\View\View.php(210): include('C:\\xampp\\htdocs...')
#2 C:\xampp\htdocs\spk_sekolah\system\View\View.php(213): CodeIgniter\View\View->CodeIgniter\View\{closure}()
#3 C:\xampp\htdocs\spk_sekolah\system\View\View.php(226): CodeIgniter\View\View->render('frontend/layout...', Array, true)
#4 C:\xampp\htdocs\spk_sekolah\system\View\View.php(226): CodeIgniter\View\View->render('frontend/regist...', Array, true)
#5 C:\xampp\htdocs\spk_sekolah\system\Common.php(1089): CodeIgniter\View\View->render('frontend/regist...', Array, true)
#6 C:\xampp\htdocs\spk_sekolah\app\Controllers\Frontend.php(374): view('frontend/regist...', Array)
#7 C:\xampp\htdocs\spk_sekolah\system\CodeIgniter.php(832): App\Controllers\Frontend->regist_basic()
#8 C:\xampp\htdocs\spk_sekolah\system\CodeIgniter.php(419): CodeIgniter\CodeIgniter->runController(Object(App\Controllers\Frontend))
#9 C:\xampp\htdocs\spk_sekolah\system\CodeIgniter.php(326): CodeIgniter\CodeIgniter->handleRequest(NULL, Object(Config\Cache), false)
#10 C:\xampp\htdocs\spk_sekolah\public\index.php(37): CodeIgniter\CodeIgniter->run()
#11 C:\xampp\htdocs\spk_sekolah\system\Commands\Server\rewrite.php(43): require_once('C:\\xampp\\htdocs...')
#12 {main}
