ERROR - 2022-04-15 02:51:07 --> Error connecting to the database: Access denied for user ''@'localhost' (using password: NO)
CRITICAL - 2022-04-15 17:00:59 --> Undefined variable: validation
#0 C:\xampp\htdocs\spk_sekolah\app\Views\auth\register.php(16): CodeIgniter\Debug\Exceptions->errorHandler(8, 'Undefined varia...', 'C:\\xampp\\htdocs...', 16, Array)
#1 C:\xampp\htdocs\spk_sekolah\system\View\View.php(210): include('C:\\xampp\\htdocs...')
#2 C:\xampp\htdocs\spk_sekolah\system\View\View.php(213): CodeIgniter\View\View->CodeIgniter\View\{closure}()
#3 C:\xampp\htdocs\spk_sekolah\system\Common.php(1089): CodeIgniter\View\View->render('\\App\\Views\\Auth...', Array, true)
#4 C:\xampp\htdocs\spk_sekolah\vendor\myth\auth\src\Controllers\AuthController.php(429): view('\\App\\Views\\Auth...', Array)
#5 C:\xampp\htdocs\spk_sekolah\vendor\myth\auth\src\Controllers\AuthController.php(139): Myth\Auth\Controllers\AuthController->_render('\\App\\Views\\Auth...', Array)
#6 C:\xampp\htdocs\spk_sekolah\system\CodeIgniter.php(832): Myth\Auth\Controllers\AuthController->register()
#7 C:\xampp\htdocs\spk_sekolah\system\CodeIgniter.php(419): CodeIgniter\CodeIgniter->runController(Object(Myth\Auth\Controllers\AuthController))
#8 C:\xampp\htdocs\spk_sekolah\system\CodeIgniter.php(326): CodeIgniter\CodeIgniter->handleRequest(NULL, Object(Config\Cache), false)
#9 C:\xampp\htdocs\spk_sekolah\public\index.php(37): CodeIgniter\CodeIgniter->run()
#10 C:\xampp\htdocs\spk_sekolah\system\Commands\Server\rewrite.php(43): require_once('C:\\xampp\\htdocs...')
#11 {main}
CRITICAL - 2022-04-15 17:02:32 --> Undefined variable: title
#0 C:\xampp\htdocs\spk_sekolah\app\Views\auth\layout\template.php(7): CodeIgniter\Debug\Exceptions->errorHandler(8, 'Undefined varia...', 'C:\\xampp\\htdocs...', 7, Array)
#1 C:\xampp\htdocs\spk_sekolah\system\View\View.php(210): include('C:\\xampp\\htdocs...')
#2 C:\xampp\htdocs\spk_sekolah\system\View\View.php(213): CodeIgniter\View\View->CodeIgniter\View\{closure}()
#3 C:\xampp\htdocs\spk_sekolah\system\View\View.php(226): CodeIgniter\View\View->render('auth/layout/tem...', Array, true)
#4 C:\xampp\htdocs\spk_sekolah\system\Common.php(1089): CodeIgniter\View\View->render('\\App\\Views\\Auth...', Array, true)
#5 C:\xampp\htdocs\spk_sekolah\vendor\myth\auth\src\Controllers\AuthController.php(429): view('\\App\\Views\\Auth...', Array)
#6 C:\xampp\htdocs\spk_sekolah\vendor\myth\auth\src\Controllers\AuthController.php(139): Myth\Auth\Controllers\AuthController->_render('\\App\\Views\\Auth...', Array)
#7 C:\xampp\htdocs\spk_sekolah\system\CodeIgniter.php(832): Myth\Auth\Controllers\AuthController->register()
#8 C:\xampp\htdocs\spk_sekolah\system\CodeIgniter.php(419): CodeIgniter\CodeIgniter->runController(Object(Myth\Auth\Controllers\AuthController))
#9 C:\xampp\htdocs\spk_sekolah\system\CodeIgniter.php(326): CodeIgniter\CodeIgniter->handleRequest(NULL, Object(Config\Cache), false)
#10 C:\xampp\htdocs\spk_sekolah\public\index.php(37): CodeIgniter\CodeIgniter->run()
#11 C:\xampp\htdocs\spk_sekolah\system\Commands\Server\rewrite.php(43): require_once('C:\\xampp\\htdocs...')
#12 {main}
